\BOOKMARK [0][-]{chapter.1}{\376\377\004\030\004\101\004\077\004\076\004\073\004\114\004\067\004\103\004\065\004\074\004\113\004\065\000\040\004\076\004\061\004\076\004\067\004\075\004\060\004\107\004\065\004\075\004\070\004\117}{}% 1
\BOOKMARK [0][-]{chapter.2}{\376\377\004\037\004\100\004\065\004\064\004\070\004\101\004\073\004\076\004\062\004\070\004\065}{}% 2
\BOOKMARK [1][-]{section.2.1}{\376\377\004\022\004\062\004\065\004\064\004\065\004\075\004\070\004\065}{chapter.2}% 3
\BOOKMARK [1][-]{section.2.2}{\376\377\004\024\004\076\004\077\004\076\004\073\004\075\004\070\004\102\004\065\004\073\004\114\004\075\004\113\004\065\000\040\004\070\004\101\004\102\004\076\004\107\004\075\004\070\004\072\004\070\000\040\004\070\004\075\004\104\004\076\004\100\004\074\004\060\004\106\004\070\004\070}{chapter.2}% 4
\BOOKMARK [1][-]{section.2.3}{\376\377\004\022\004\060\004\100\004\070\004\060\004\075\004\102\004\113\000\040\004\100\004\103\004\072\004\076\004\062\004\076\004\064\004\101\004\102\004\062\004\060}{chapter.2}% 5
\BOOKMARK [1][-]{section.2.4}{\376\377\004\036\004\061\004\100\004\060\004\102\004\075\004\060\004\117\000\040\004\101\004\062\004\117\004\067\004\114}{chapter.2}% 6
\BOOKMARK [0][-]{chapter.3}{\376\377\004\036\000\040\004\077\004\100\004\070\004\073\004\076\004\066\004\065\004\075\004\070\004\070}{}% 7
\BOOKMARK [1][-]{section.3.1}{\376\377\004\032\004\073\004\116\004\107\004\065\004\062\004\113\004\065\000\040\004\076\004\101\004\076\004\061\004\065\004\075\004\075\004\076\004\101\004\102\004\070}{chapter.3}% 8
\BOOKMARK [1][-]{section.3.2}{\376\377\004\030\004\075\004\102\004\065\004\100\004\065\004\101\004\075\004\113\004\065\000\040\004\100\004\065\004\110\004\065\004\075\004\070\004\117\000,\000\040\004\100\004\065\004\060\004\073\004\070\004\067\004\076\004\062\004\060\004\075\004\075\004\113\004\065\000\040\004\062\000\040\004\077\004\100\004\076\004\063\004\100\004\060\004\074\004\074\004\065}{chapter.3}% 9
\BOOKMARK [0][-]{chapter.4}{\376\377\004\032\004\060\004\072\000\040\004\103\004\101\004\102\004\100\004\076\004\065\004\075\004\076\000\040\004\077\004\100\004\070\004\073\004\076\004\066\004\065\004\075\004\070\004\065}{}% 10
\BOOKMARK [1][-]{section.4.1}{\376\377\004\043\004\107\004\065\004\102\000\040\004\064\004\065\004\075\004\065\004\066\004\075\004\113\004\105\000\040\004\101\004\100\004\065\004\064\004\101\004\102\004\062}{chapter.4}% 11
\BOOKMARK [1][-]{section.4.2}{\376\377\004\041\004\102\004\100\004\103\004\072\004\102\004\103\004\100\004\060\000\040\004\101\004\077\004\100\004\060\004\062\004\076\004\107\004\075\004\070\004\072\004\076\004\062}{chapter.4}% 12
\BOOKMARK [1][-]{section.4.3}{\376\377\004\036\004\102\004\073\004\070\004\107\004\070\004\065\000\040\004\074\004\065\004\066\004\064\004\103\000\040\004\077\004\073\004\060\004\102\004\065\004\073\004\114\004\111\004\070\004\072\004\060\004\074\004\070\000\040\000\050\004\077\004\076\004\073\004\103\004\107\004\060\004\102\004\065\004\073\004\117\004\074\004\070\000\051\000\040\004\070\000\040\004\077\004\065\004\100\004\101\004\076\004\075\004\060\004\074\004\070}{chapter.4}% 13
\BOOKMARK [0][-]{chapter.5}{\376\377\004\035\004\060\004\107\004\060\004\073\004\076\000\040\004\100\004\060\004\061\004\076\004\102\004\113}{}% 14
\BOOKMARK [1][-]{section.5.1}{\376\377\004\035\004\060\004\101\004\102\004\100\004\076\004\071\004\072\004\060\000\040\004\076\004\101\004\075\004\076\004\062\004\075\004\113\004\105\000\040\004\077\004\060\004\100\004\060\004\074\004\065\004\102\004\100\004\076\004\062}{chapter.5}% 15
\BOOKMARK [1][-]{section.5.2}{\376\377\004\027\004\060\004\063\004\100\004\103\004\067\004\072\004\060\000\040\004\075\004\060\004\101\004\102\004\100\004\076\004\065\004\072\000\040\004\061\004\060\004\075\004\072\004\076\004\062}{chapter.5}% 16
\BOOKMARK [1][-]{section.5.3}{\376\377\004\035\004\060\004\101\004\102\004\100\004\076\004\071\004\072\004\060\000\040\004\077\004\076\004\100\004\102\004\104\004\065\004\073\004\065\004\071\000\040\004\070\000\040\004\101\004\107\004\065\004\102\004\076\004\062}{chapter.5}% 17
\BOOKMARK [1][-]{section.5.4}{\376\377\004\037\004\065\004\100\004\062\004\076\004\075\004\060\004\107\004\060\004\073\004\114\004\075\004\113\004\071\000\040\004\070\004\074\004\077\004\076\004\100\004\102\000\040\004\064\004\060\004\075\004\075\004\113\004\105}{chapter.5}% 18
\BOOKMARK [1][-]{section.5.5}{\376\377\004\022\004\062\004\076\004\064\000\040\004\075\004\060\004\107\004\060\004\073\004\114\004\075\004\113\004\105\000\040\004\076\004\101\004\102\004\060\004\102\004\072\004\076\004\062\000\040\004\070\000\040\004\072\004\100\004\065\004\064\004\070\004\102\004\075\004\076\004\063\004\076\000\040\004\073\004\070\004\074\004\070\004\102\004\060}{chapter.5}% 19
\BOOKMARK [0][-]{chapter.6}{\376\377\004\023\004\073\004\060\004\062\004\075\004\113\004\071\000\040\004\115\004\072\004\100\004\060\004\075}{}% 20
\BOOKMARK [1][-]{section.6.1}{\376\377\004\036\004\077\004\070\004\101\004\060\004\075\004\070\004\065}{chapter.6}% 21
\BOOKMARK [1][-]{section.6.2}{\376\377\004\022\004\113\004\061\004\076\004\100\000\040\004\077\004\065\004\100\004\070\004\076\004\064\004\060}{chapter.6}% 22
\BOOKMARK [1][-]{section.6.3}{\376\377\004\035\004\060\004\101\004\102\004\100\004\076\004\071\004\072\004\070}{chapter.6}% 23
\BOOKMARK [1][-]{section.6.4}{\376\377\004\041\004\076\004\105\004\100\004\060\004\075\004\065\004\075\004\070\004\065\000\040\004\075\004\060\004\101\004\102\004\100\004\076\004\065\004\072}{chapter.6}% 24
\BOOKMARK [0][-]{chapter.7}{\376\377\004\041\004\077\004\100\004\060\004\062\004\076\004\107\004\075\004\070\004\072\004\070}{}% 25
\BOOKMARK [1][-]{section.7.1}{\376\377\004\042\004\070\004\077\004\113\000\040\004\077\004\076\004\100\004\102\004\104\004\065\004\073\004\065\004\071}{chapter.7}% 26
\BOOKMARK [1][-]{section.7.2}{\376\377\004\037\004\076\004\100\004\102\004\104\004\065\004\073\004\070}{chapter.7}% 27
\BOOKMARK [1][-]{section.7.3}{\376\377\004\041\004\107\004\065\004\102\004\060}{chapter.7}% 28
\BOOKMARK [1][-]{section.7.4}{\376\377\004\041\004\102\004\060\004\102\004\114\004\070}{chapter.7}% 29
\BOOKMARK [1][-]{section.7.5}{\376\377\004\037\004\073\004\060\004\102\004\065\004\073\004\114\004\111\004\070\004\072\004\070\000\040\004\070\000\040\004\077\004\076\004\073\004\103\004\107\004\060\004\102\004\065\004\073\004\070}{chapter.7}% 30
\BOOKMARK [1][-]{section.7.6}{\376\377\004\037\004\100\004\076\004\065\004\072\004\102\004\113}{chapter.7}% 31
\BOOKMARK [1][-]{section.7.7}{\376\377\004\037\004\065\004\100\004\101\004\076\004\075\004\113}{chapter.7}% 32
\BOOKMARK [1][-]{section.7.8}{\376\377\004\022\004\060\004\073\004\116\004\102\004\113}{chapter.7}% 33
\BOOKMARK [0][-]{chapter.8}{\376\377\004\044\004\070\004\075\004\060\004\075\004\101\004\076\004\062\004\113\004\065\000\040\004\076\004\077\004\065\004\100\004\060\004\106\004\070\004\070}{}% 34
\BOOKMARK [1][-]{section.8.1}{\376\377\004\022\004\062\004\065\004\064\004\065\004\075\004\070\004\065}{chapter.8}% 35
\BOOKMARK [1][-]{section.8.2}{\376\377\004\041\004\077\004\073\004\070\004\102\004\113}{chapter.8}% 36
\BOOKMARK [1][-]{section.8.3}{\376\377\004\037\004\073\004\060\004\075\004\070\004\100\004\103\004\065\004\074\004\113\004\065\000\040\004\076\004\077\004\065\004\100\004\060\004\106\004\070\004\070}{chapter.8}% 37
\BOOKMARK [1][-]{section.8.4}{\376\377\004\040\004\103\004\107\004\075\004\113\004\065\000\040\004\077\004\065\004\100\004\065\004\062\004\076\004\064\004\113}{chapter.8}% 38
\BOOKMARK [1][-]{section.8.5}{\376\377\004\037\004\076\004\101\004\102\004\076\004\117\004\075\004\075\004\113\004\065\000\040\004\076\004\077\004\065\004\100\004\060\004\106\004\070\004\070}{chapter.8}% 39
\BOOKMARK [0][-]{chapter.9}{\376\377\004\041\004\076\004\062\004\074\004\065\004\101\004\102\004\075\004\076\004\065\000\040\004\070\004\101\004\077\004\076\004\073\004\114\004\067\004\076\004\062\004\060\004\075\004\070\004\065\000\040\004\102\004\070\004\077\004\076\004\062\000\040\004\077\004\076\004\100\004\102\004\104\004\065\004\073\004\065\004\071}{}% 40
\BOOKMARK [1][-]{section.9.1}{\376\377\004\037\004\100\004\070\004\074\004\065\004\100\000\040\004\101\004\076\004\062\004\074\004\065\004\101\004\102\004\075\004\076\004\063\004\076\000\040\004\070\004\101\004\077\004\076\004\073\004\114\004\067\004\076\004\062\004\060\004\075\004\070\004\117\000\040\004\102\004\070\004\077\004\076\004\062\000\040\004\077\004\076\004\100\004\102\004\104\004\065\004\073\004\065\004\071}{chapter.9}% 41
\BOOKMARK [0][-]{chapter.10}{\376\377\004\035\004\060\004\101\004\102\004\100\004\076\004\071\004\072\004\060\000\040\004\101\004\107\004\065\004\102\004\076\004\062\000\040\004\064\004\073\004\117\000\040\004\070\004\074\004\077\004\076\004\100\004\102\004\060\000\040\000S\000M\000S\000\040\004\070\000\040\000p\000u\000s\000h\000-\004\103\004\062\004\065\004\064\004\076\004\074\004\073\004\065\004\075\004\070\004\071}{}% 42
\BOOKMARK [1][-]{section.10.1}{\376\377\004\022\004\113\004\061\004\076\004\100\000\040\004\070\004\064\004\065\004\075\004\102\004\070\004\104\004\070\004\072\004\060\004\102\004\076\004\100\004\060}{chapter.10}% 43
\BOOKMARK [1][-]{section.10.2}{\376\377\004\022\004\113\004\061\004\076\004\100\000\040\004\072\004\073\004\116\004\107\004\065\004\062\004\076\004\071\000\040\004\104\004\100\004\060\004\067\004\113\000\040\004\064\004\073\004\117\000\040\004\077\004\065\004\100\004\065\004\062\004\076\004\064\004\060}{chapter.10}% 44
\BOOKMARK [0][-]{chapter.11}{\376\377\004\040\004\060\004\101\004\110\004\070\004\100\004\065\004\075\004\075\004\060\004\117\000\040\004\075\004\060\004\101\004\102\004\100\004\076\004\071\004\072\004\060\000\040\004\070\004\074\004\077\004\076\004\100\004\102\004\060\000\040\000S\000M\000S\000\040\004\070\000\040\000p\000u\000s\000h\000-\004\103\004\062\004\065\004\064\004\076\004\074\004\073\004\065\004\075\004\070\004\071}{}% 45
\BOOKMARK [1][-]{section.11.1}{\376\377\004\020\004\073\004\063\004\076\004\100\004\070\004\102\004\074\000\040\004\100\004\060\004\101\004\077\004\076\004\067\004\075\004\060\004\062\004\060\004\075\004\070\004\117\000\040\004\103\004\062\004\065\004\064\004\076\004\074\004\073\004\065\004\075\004\070\004\071}{chapter.11}% 46
\BOOKMARK [1][-]{section.11.2}{\376\377\004\041\004\076\004\067\004\064\004\060\004\075\004\070\004\065\000\040\004\075\004\076\004\062\004\076\004\071\000\040\004\075\004\060\004\101\004\102\004\100\004\076\004\071\004\072\004\070\000\040\004\070\004\074\004\077\004\076\004\100\004\102\004\060}{chapter.11}% 47
\BOOKMARK [0][-]{chapter.12}{\376\377\004\030\004\074\004\077\004\076\004\100\004\102\000\040\004\064\004\060\004\075\004\075\004\113\004\105}{}% 48
\BOOKMARK [1][-]{section.12.1}{\376\377\004\035\004\060\004\101\004\102\004\100\004\076\004\071\004\072\004\070\000\040\004\070\004\074\004\077\004\076\004\100\004\102\004\060\000\040\004\103\004\062\004\065\004\064\004\076\004\074\004\073\004\065\004\075\004\070\004\071}{chapter.12}% 49
\BOOKMARK [1][-]{section.12.2}{\376\377\000S\000M\000S\000\040\004\070\000\040\000P\000u\000s\000h\000\040\004\103\004\062\004\065\004\064\004\076\004\074\004\073\004\065\004\075\004\070\004\117}{chapter.12}% 50
\BOOKMARK [1][-]{section.12.3}{\376\377\000C\000S\000V\000\040\004\104\004\060\004\071\004\073\004\113}{chapter.12}% 51
\BOOKMARK [1][-]{section.12.4}{\376\377\000O\000F\000X\000\040\004\104\004\060\004\071\004\073\004\113}{chapter.12}% 52
\BOOKMARK [0][-]{chapter.13}{\376\377\004\032\004\076\004\073\004\073\004\065\004\072\004\102\004\070\004\062\004\075\004\060\004\117\000\040\004\100\004\060\004\061\004\076\004\102\004\060}{}% 53
\BOOKMARK [1][-]{section.13.1}{\376\377\004\022\004\062\004\065\004\064\004\065\004\075\004\070\004\065}{chapter.13}% 54
\BOOKMARK [1][-]{section.13.2}{\376\377\004\035\004\060\004\107\004\060\004\073\004\076\000\040\004\100\004\060\004\061\004\076\004\102\004\113}{chapter.13}% 55
\BOOKMARK [1][-]{section.13.3}{\376\377\004\022\004\072\004\073\004\116\004\107\004\065\004\075\004\070\004\065\000\040\004\076\004\061\004\074\004\065\004\075\004\060}{chapter.13}% 56
\BOOKMARK [1][-]{section.13.4}{\376\377\004\032\004\060\004\072\000\040\004\100\004\060\004\061\004\076\004\102\004\060\004\065\004\102\000\040\004\076\004\061\004\074\004\065\004\075\000\040\004\064\004\060\004\075\004\075\004\113\004\074\004\070}{chapter.13}% 57
\BOOKMARK [1][-]{section.13.5}{\376\377\004\040\004\060\004\101\004\110\004\070\004\100\004\065\004\075\004\075\004\060\004\117\000\040\004\075\004\060\004\101\004\102\004\100\004\076\004\071\004\072\004\060}{chapter.13}% 58
\BOOKMARK [1][-]{section.13.6}{\376\377\004\035\004\060\004\101\004\102\004\100\004\076\004\071\004\072\004\060\000\040\004\077\004\065\004\100\004\065\004\064\004\060\004\107\004\070\000\040\004\064\004\060\004\075\004\075\004\113\004\105}{chapter.13}% 59
\BOOKMARK [1][-]{section.13.7}{\376\377\004\027\004\075\004\060\004\107\004\065\004\075\004\070\004\117\000\040\004\077\004\076\000\040\004\103\004\074\004\076\004\073\004\107\004\060\004\075\004\070\004\116}{chapter.13}% 60
\BOOKMARK [1][-]{section.13.8}{\376\377\004\037\004\065\004\100\004\065\004\075\004\076\004\101\000\040\004\064\004\060\004\075\004\075\004\113\004\105\000\040\004\075\004\060\000\040\004\075\004\076\004\062\004\113\004\071\000\040\004\102\004\065\004\073\004\065\004\104\004\076\004\075\000\040\004\101\000\040\004\101\004\076\004\105\004\100\004\060\004\075\004\065\004\075\004\070\004\065\004\074\000\040\004\075\004\060\004\101\004\102\004\100\004\076\004\065\004\072\000\040\004\076\004\061\004\074\004\065\004\075\004\060}{chapter.13}% 61
\BOOKMARK [0][-]{chapter.14}{\376\377\004\036\004\102\004\107\004\065\004\102\004\113}{}% 62
\BOOKMARK [1][-]{section.14.1}{\376\377\004\040\004\060\004\101\004\077\004\070\004\101\004\060\004\075\004\070\004\065\000\040\004\077\004\073\004\060\004\102\004\065\004\066\004\065\004\071}{chapter.14}% 63
\BOOKMARK [1][-]{section.14.2}{\376\377\004\037\004\073\004\060\004\075\000-\004\104\004\060\004\072\004\102}{chapter.14}% 64
\BOOKMARK [1][-]{section.14.3}{\376\377\004\036\004\061\004\076\004\100\004\076\004\102\004\113}{chapter.14}% 65
\BOOKMARK [1][-]{section.14.4}{\376\377\004\036\004\101\004\102\004\060\004\102\004\072\004\070\000\040\004\070\000\040\004\076\004\061\004\076\004\100\004\076\004\102\004\113}{chapter.14}% 66
\BOOKMARK [1][-]{section.14.5}{\376\377\004\037\004\073\004\060\004\075\004\070\004\100\004\103\004\065\004\074\004\113\004\065\000\040\004\076\004\101\004\102\004\060\004\102\004\072\004\070\000\040\004\070\000\040\004\076\004\061\004\076\004\100\004\076\004\102\004\113}{chapter.14}% 67
\BOOKMARK [1][-]{section.14.6}{\376\377\004\024\004\076\004\073\004\063\004\070}{chapter.14}% 68
\BOOKMARK [1][-]{section.14.7}{\376\377\004\030\004\101\004\077\004\076\004\073\004\075\004\065\004\075\004\070\004\065\000\040\004\077\004\073\004\060\004\075\004\060}{chapter.14}% 69
\BOOKMARK [1][-]{section.14.8}{\376\377\004\040\004\060\004\101\004\077\004\100\004\065\004\064\004\065\004\073\004\065\004\075\004\070\004\065\000\040\004\076\004\061\004\076\004\100\004\076\004\102\004\076\004\062}{chapter.14}% 70
\BOOKMARK [1][-]{section.14.9}{\376\377\004\030\004\067\004\074\004\065\004\075\004\065\004\075\004\070\004\065\000\040\004\076\004\061\004\076\004\100\004\076\004\102\004\076\004\062}{chapter.14}% 71
\BOOKMARK [1][-]{section.14.10}{\376\377\004\030\004\067\004\074\004\065\004\075\004\065\004\075\004\070\004\065\000\040\004\076\004\101\004\102\004\060\004\102\004\072\004\076\004\062}{chapter.14}% 72
\BOOKMARK [0][-]{chapter.15}{\376\377\004\035\004\060\004\077\004\076\004\074\004\070\004\075\004\060\004\075\004\070\004\117}{}% 73
\BOOKMARK [0][-]{chapter.16}{\376\377\004\024\004\065\004\071\004\101\004\102\004\062\004\070\004\117\000\040\004\101\000\040\004\063\004\100\004\103\004\077\004\077\004\060\004\074\004\070\000\040\004\076\004\061\004\112\004\065\004\072\004\102\004\076\004\062}{}% 74
\BOOKMARK [1][-]{section.16.1}{\376\377\004\022\004\113\004\061\004\076\004\100\000\040\004\076\004\061\004\112\004\065\004\072\004\102\004\076\004\062}{chapter.16}% 75
\BOOKMARK [1][-]{section.16.2}{\376\377\004\040\004\065\004\064\004\060\004\072\004\102\004\070\004\100\004\076\004\062\004\060\004\075\004\070\004\065}{chapter.16}% 76
\BOOKMARK [1][-]{section.16.3}{\376\377\004\043\004\064\004\060\004\073\004\065\004\075\004\070\004\065}{chapter.16}% 77
\BOOKMARK [1][-]{section.16.4}{\376\377\004\044\004\070\004\073\004\114\004\102\004\100}{chapter.16}% 78
\BOOKMARK [1][-]{section.16.5}{\376\377\004\037\004\076\004\062\004\102\004\076\004\100\004\075\004\060\004\117\000\040\004\076\004\102\004\077\004\100\004\060\004\062\004\072\004\060\000\040\004\076\004\061\004\112\004\065\004\072\004\102\004\076\004\062\000\040\004\077\004\100\004\070\000\040\004\076\004\061\004\074\004\065\004\075\004\065}{chapter.16}% 79
\BOOKMARK [1][-]{section.16.6}{\376\377\004\055\004\072\004\101\004\077\004\076\004\100\004\102\000\040\004\062\000\040\000C\000S\000V\000\040\004\070\000\040\000O\000F\000X}{chapter.16}% 80
\BOOKMARK [1][-]{section.16.7}{\376\377\004\020\004\062\004\102\004\076\004\074\004\060\004\102\004\070\004\107\004\065\004\101\004\072\004\076\004\065\000\040\004\101\004\062\004\117\004\067\004\113\004\062\004\060\004\075\004\070\004\065\000\040\004\076\004\077\004\065\004\100\004\060\004\106\004\070\004\071}{chapter.16}% 81
\BOOKMARK [1][-]{section.16.8}{\376\377\004\036\004\102\004\077\004\100\004\060\004\062\004\072\004\060\000\040\004\070\004\101\004\105\004\076\004\064\004\075\004\113\004\105\000\040\004\064\004\060\004\075\004\075\004\113\004\105\000\040\004\100\004\060\004\067\004\100\004\060\004\061\004\076\004\102\004\107\004\070\004\072\004\103}{chapter.16}% 82
\BOOKMARK [0][-]{chapter.17}{\376\377\004\035\004\060\004\101\004\102\004\100\004\076\004\071\004\072\004\070\000\040\004\076\004\102\004\107\004\065\004\102\004\076\004\062\000\040\004\070\000\040\004\117\004\100\004\073\004\113\004\072\004\070}{}% 83
\BOOKMARK [1][-]{section.17.1}{\376\377\004\035\004\060\004\101\004\102\004\100\004\076\004\071\004\072\004\070\000\040\004\076\004\102\004\107\004\065\004\102\004\076\004\062}{chapter.17}% 84
\BOOKMARK [1][-]{section.17.2}{\376\377\004\041\004\076\004\067\004\064\004\060\004\075\004\070\004\065\000\040\004\117\004\100\004\073\004\113\004\072\004\060}{chapter.17}% 85
\BOOKMARK [0][-]{chapter.18}{\376\377\004\022\004\070\004\064\004\066\004\065\004\102\004\113\000\040\004\070\000\040\004\110\004\060\004\061\004\073\004\076\004\075\004\113}{}% 86
\BOOKMARK [1][-]{section.18.1}{\376\377\004\022\004\070\004\064\004\066\004\065\004\102\004\113}{chapter.18}% 87
\BOOKMARK [1][-]{section.18.2}{\376\377\004\030\004\101\004\077\004\076\004\073\004\114\004\067\004\076\004\062\004\060\004\075\004\070\004\065\000\040\004\062\004\070\004\064\004\066\004\065\004\102\004\076\004\062\000\040\004\062\000\040\004\072\004\060\004\107\004\065\004\101\004\102\004\062\004\065\000\040\004\110\004\060\004\061\004\073\004\076\004\075\004\076\004\062\000\040\004\076\004\077\004\065\004\100\004\060\004\106\004\070\004\071}{chapter.18}% 88
\BOOKMARK [1][-]{section.18.3}{\376\377\004\030\004\101\004\077\004\076\004\073\004\114\004\067\004\076\004\062\004\060\004\075\004\070\004\065\000\040\004\062\004\070\004\064\004\066\004\065\004\102\004\076\004\062\000\040\004\062\000\040\004\072\004\060\004\107\004\065\004\101\004\102\004\062\004\065\000\040\004\076\004\102\004\107\004\065\004\102\004\076\004\062}{chapter.18}% 89
\BOOKMARK [1][-]{section.18.4}{\376\377\004\037\004\100\004\070\004\074\004\065\004\100\000\040\004\070\004\101\004\077\004\076\004\073\004\114\004\067\004\076\004\062\004\060\004\075\004\070\004\117\000\040\004\062\004\070\004\064\004\066\004\065\004\102\004\060\000\040\004\062\000\040\004\072\004\060\004\107\004\065\004\101\004\102\004\062\004\065\000\040\004\076\004\102\004\107\004\065\004\102\004\060}{chapter.18}% 90
\BOOKMARK [1][-]{section.18.5}{\376\377\004\037\004\100\004\070\004\074\004\065\004\100\000\040\004\070\004\101\004\077\004\076\004\073\004\114\004\067\004\076\004\062\004\060\004\075\004\070\004\117\000\040\004\062\004\070\004\064\004\066\004\065\004\102\004\060\000\040\004\062\000\040\004\072\004\060\004\107\004\065\004\101\004\102\004\062\004\065\000\040\004\110\004\060\004\061\004\073\004\076\004\075\004\060}{chapter.18}% 91
\BOOKMARK [0][-]{chapter.19}{\376\377\004\043\004\064\004\060\004\073\004\065\004\075\004\075\004\113\004\071\000\040\004\064\004\076\004\101\004\102\004\103\004\077}{}% 92
\BOOKMARK [0][-]{chapter.20}{\376\377\004\030\004\075\004\102\004\065\004\063\004\100\004\060\004\106\004\070\004\117\000\040\004\101\004\076\000\040\004\101\004\102\004\076\004\100\004\076\004\075\004\075\004\070\004\074\004\070\000\040\004\077\004\100\004\070\004\073\004\076\004\066\004\065\004\075\004\070\004\117\004\074\004\070}{}% 93
\BOOKMARK [1][-]{section.20.1}{\376\377\004\041\004\076\004\067\004\064\004\060\004\075\004\070\004\065\000\040\004\076\004\077\004\065\004\100\004\060\004\106\004\070\004\071\000\040\004\070\004\067\000\040\004\102\004\065\004\072\004\101\004\102\004\076\004\062\004\076\004\071\000\040\004\101\004\102\004\100\004\076\004\072\004\070}{chapter.20}% 94
\BOOKMARK [1][-]{section.20.2}{\376\377\000R\000E\000S\000T\000\040\000A\000P\000I}{chapter.20}% 95
\BOOKMARK [1][-]{section.20.3}{\376\377\000I\000n\000t\000e\000n\000t\000s\000\040\000A\000P\000I}{chapter.20}% 96
\BOOKMARK [0][-]{chapter.21}{\376\377\004\036\004\102\004\073\004\070\004\107\004\070\004\117\000\040\004\074\004\065\004\066\004\064\004\103\000\040\004\062\004\065\004\100\004\101\004\070\004\117\004\074\004\070}{}% 97
\BOOKMARK [0][-]{chapter.22}{\376\377\004\037\004\065\004\100\004\065\004\105\004\076\004\064\000\040\004\075\004\060\000\040\004\062\004\065\004\100\004\101\004\070\004\116\000\040\000P\000r\000o}{}% 98
\BOOKMARK [0][-]{chapter.23}{\376\377\004\041\004\065\004\100\004\062\004\070\004\101\004\075\004\076\004\065\000\040\004\076\004\061\004\101\004\073\004\103\004\066\004\070\004\062\004\060\004\075\004\070\004\065}{}% 99
\BOOKMARK [0][-]{chapter.24}{\376\377\004\037\004\076\004\064\004\064\004\065\004\100\004\066\004\070\004\062\004\060\004\065\004\074\004\113\004\065\000\040\004\061\004\060\004\075\004\072\004\070}{}% 100
\BOOKMARK [1][-]{section.24.1}{\376\377\000M\000a\000l\000d\000i\000v\000e\000s}{chapter.24}% 101
\BOOKMARK [1][-]{section.24.2}{\376\377\004\021\004\065\004\073\004\060\004\100\004\103\004\101\004\114}{chapter.24}% 102
\BOOKMARK [1][-]{section.24.3}{\376\377\004\021\004\100\004\060\004\067\004\070\004\073\004\070\004\117}{chapter.24}% 103
\BOOKMARK [1][-]{section.24.4}{\376\377\004\022\004\065\004\075\004\063\004\100\004\070\004\117}{chapter.24}% 104
\BOOKMARK [1][-]{section.24.5}{\376\377\004\022\004\114\004\065\004\102\004\075\004\060\004\074}{chapter.24}% 105
\BOOKMARK [1][-]{section.24.6}{\376\377\004\030\004\075\004\064\004\070\004\117}{chapter.24}% 106
\BOOKMARK [1][-]{section.24.7}{\376\377\004\030\004\075\004\064\004\076\004\075\004\065\004\067\004\070\004\117}{chapter.24}% 107
\BOOKMARK [1][-]{section.24.8}{\376\377\004\032\004\060\004\075\004\060\004\064\004\060}{chapter.24}% 108
\BOOKMARK [1][-]{section.24.9}{\376\377\004\036\004\061\004\112\004\065\004\064\004\070\004\075\004\065\004\075\004\075\004\113\004\065\000\040\004\020\004\100\004\060\004\061\004\101\004\072\004\070\004\065\000\040\004\055\004\074\004\070\004\100\004\060\004\102\004\113}{chapter.24}% 109
\BOOKMARK [1][-]{section.24.10}{\376\377\004\037\004\076\004\073\004\114\004\110\004\060}{chapter.24}% 110
\BOOKMARK [1][-]{section.24.11}{\376\377\004\040\004\076\004\101\004\101\004\070\004\117}{chapter.24}% 111
\BOOKMARK [1][-]{section.24.12}{\376\377\004\041\004\076\004\065\004\064\004\070\004\075\004\065\004\075\004\075\004\113\004\065\000\040\004\050\004\102\004\060\004\102\004\113}{chapter.24}% 112
\BOOKMARK [1][-]{section.24.13}{\376\377\004\042\004\060\004\070\004\073\004\060\004\075\004\064}{chapter.24}% 113
\BOOKMARK [1][-]{section.24.14}{\376\377\004\043\004\067\004\061\004\065\004\072\004\070\004\101\004\102\004\060\004\075}{chapter.24}% 114
\BOOKMARK [1][-]{section.24.15}{\376\377\004\043\004\072\004\100\004\060\004\070\004\075\004\060}{chapter.24}% 115
\BOOKMARK [0][-]{chapter.25}{\376\377\004\036\004\077\004\100\004\065\004\064\004\065\004\073\004\065\004\075\004\070\004\117\000\040\004\070\000\040\004\102\004\065\004\100\004\074\004\070\004\075\004\113}{}% 116
\BOOKMARK [0][-]{chapter.26}{\376\377\000I\000n\000d\000i\000c\000e\000s\000\040\000a\000n\000d\000\040\000t\000a\000b\000l\000e\000s}{}% 117
\BOOKMARK [0][-]{section*.7}{\376\377\004\020\004\073\004\104\004\060\004\062\004\070\004\102\004\075\004\113\004\071\000\040\004\103\004\072\004\060\004\067\004\060\004\102\004\065\004\073\004\114}{}% 118
