\BOOKMARK [0][-]{chapter.1}{\376\377\000N\000o\000t\000a\000t\000i\000o\000n\000s}{}% 1
\BOOKMARK [0][-]{chapter.2}{\376\377\000P\000r\000e\000f\000a\000c\000e}{}% 2
\BOOKMARK [1][-]{section.2.1}{\376\377\000I\000n\000t\000r\000o\000d\000u\000c\000t\000i\000o\000n}{chapter.2}% 3
\BOOKMARK [1][-]{section.2.2}{\376\377\000A\000d\000d\000i\000t\000i\000o\000n\000a\000l\000\040\000S\000o\000u\000r\000c\000e\000s}{chapter.2}% 4
\BOOKMARK [1][-]{section.2.3}{\376\377\000U\000s\000e\000r\000\040\000M\000a\000n\000u\000a\000l\000\040\000E\000d\000i\000t\000i\000o\000n\000s}{chapter.2}% 5
\BOOKMARK [1][-]{section.2.4}{\376\377\000F\000e\000e\000d\000b\000a\000c\000k}{chapter.2}% 6
\BOOKMARK [0][-]{chapter.3}{\376\377\000A\000b\000o\000u\000t}{}% 7
\BOOKMARK [1][-]{section.3.1}{\376\377\000K\000e\000y\000\040\000F\000e\000a\000t\000u\000r\000e\000s}{chapter.3}% 8
\BOOKMARK [1][-]{section.3.2}{\376\377\000I\000n\000t\000e\000r\000e\000s\000t\000i\000n\000g\000\040\000S\000o\000l\000u\000t\000i\000o\000n\000s\000\040\000I\000m\000p\000l\000e\000m\000e\000n\000t\000e\000d}{chapter.3}% 9
\BOOKMARK [0][-]{chapter.4}{\376\377\000H\000o\000w\000\040\000I\000t\000\040\000W\000o\000r\000k\000s}{}% 10
\BOOKMARK [1][-]{section.4.1}{\376\377\000F\000u\000n\000d\000s\000\040\000A\000c\000c\000o\000u\000n\000t\000i\000n\000g}{chapter.4}% 11
\BOOKMARK [1][-]{section.4.2}{\376\377\000D\000i\000r\000e\000c\000t\000o\000r\000i\000e\000s\000\040\000S\000t\000r\000u\000c\000t\000u\000r\000e}{chapter.4}% 12
\BOOKMARK [1][-]{section.4.3}{\376\377\000D\000i\000f\000f\000e\000r\000e\000n\000c\000e\000\040\000B\000e\000t\000w\000e\000e\000n\000\040\000C\000o\000n\000t\000r\000a\000c\000t\000o\000r\000s\000\040\000a\000n\000d\000\040\000P\000e\000r\000s\000o\000n\000s}{chapter.4}% 13
\BOOKMARK [0][-]{chapter.5}{\376\377\000G\000e\000t\000t\000i\000n\000g\000\040\000S\000t\000a\000r\000t\000e\000d}{}% 14
\BOOKMARK [1][-]{section.5.1}{\376\377\000B\000a\000s\000i\000c\000\040\000C\000u\000s\000t\000o\000m\000i\000z\000a\000t\000i\000o\000n}{chapter.5}% 15
\BOOKMARK [1][-]{section.5.2}{\376\377\000L\000o\000a\000d\000i\000n\000g\000\040\000B\000a\000n\000k\000\040\000S\000e\000t\000t\000i\000n\000g\000s}{chapter.5}% 16
\BOOKMARK [1][-]{section.5.3}{\376\377\000P\000o\000r\000t\000f\000o\000l\000i\000o\000\040\000a\000n\000d\000\040\000A\000c\000c\000o\000u\000n\000t\000\040\000S\000e\000t\000t\000i\000n\000g\000s}{chapter.5}% 17
\BOOKMARK [1][-]{section.5.4}{\376\377\000I\000n\000i\000t\000i\000a\000l\000\040\000D\000a\000t\000a\000\040\000I\000m\000p\000o\000r\000t}{chapter.5}% 18
\BOOKMARK [1][-]{section.5.5}{\376\377\000E\000n\000t\000e\000r\000i\000n\000g\000\040\000I\000n\000i\000t\000i\000a\000l\000\040\000B\000a\000l\000a\000n\000c\000e\000\040\000a\000n\000d\000\040\000C\000r\000e\000d\000i\000t\000\040\000L\000i\000m\000i\000t}{chapter.5}% 19
\BOOKMARK [0][-]{chapter.6}{\376\377\000M\000a\000i\000n\000\040\000S\000c\000r\000e\000e\000n}{}% 20
\BOOKMARK [1][-]{section.6.1}{\376\377\000D\000e\000s\000c\000r\000i\000p\000t\000i\000o\000n}{chapter.6}% 21
\BOOKMARK [1][-]{section.6.2}{\376\377\000T\000i\000m\000e\000\040\000R\000a\000n\000g\000e\000\040\000S\000e\000l\000e\000c\000t\000i\000o\000n}{chapter.6}% 22
\BOOKMARK [1][-]{section.6.3}{\376\377\000L\000i\000s\000t\000\040\000V\000i\000e\000w\000\040\000S\000e\000t\000t\000i\000n\000g\000s}{chapter.6}% 23
\BOOKMARK [1][-]{section.6.4}{\376\377\000S\000a\000v\000i\000n\000g\000\040\000L\000i\000s\000t\000\040\000V\000i\000e\000w\000\040\000S\000e\000t\000t\000i\000n\000g\000s}{chapter.6}% 24
\BOOKMARK [0][-]{chapter.7}{\376\377\000D\000i\000r\000e\000c\000t\000o\000r\000i\000e\000s}{}% 25
\BOOKMARK [1][-]{section.7.1}{\376\377\000P\000o\000r\000t\000f\000o\000l\000i\000o\000\040\000T\000y\000p\000e\000s}{chapter.7}% 26
\BOOKMARK [1][-]{section.7.2}{\376\377\000P\000o\000r\000t\000f\000o\000l\000i\000o\000s}{chapter.7}% 27
\BOOKMARK [1][-]{section.7.3}{\376\377\000A\000c\000c\000o\000u\000n\000t\000s}{chapter.7}% 28
\BOOKMARK [1][-]{section.7.4}{\376\377\000C\000a\000t\000e\000g\000o\000r\000i\000e\000s}{chapter.7}% 29
\BOOKMARK [1][-]{section.7.5}{\376\377\000P\000a\000y\000e\000r\000s\000\040\000a\000n\000d\000\040\000P\000a\000y\000e\000e\000s}{chapter.7}% 30
\BOOKMARK [1][-]{section.7.6}{\376\377\000P\000r\000o\000j\000e\000c\000t\000s}{chapter.7}% 31
\BOOKMARK [1][-]{section.7.7}{\376\377\000P\000e\000r\000s\000o\000n\000s}{chapter.7}% 32
\BOOKMARK [1][-]{section.7.8}{\376\377\000C\000u\000r\000r\000e\000n\000c\000i\000e\000s}{chapter.7}% 33
\BOOKMARK [0][-]{chapter.8}{\376\377\000T\000r\000a\000n\000s\000a\000c\000t\000i\000o\000n\000s}{}% 34
\BOOKMARK [1][-]{section.8.1}{\376\377\000I\000n\000t\000r\000o\000d\000u\000c\000t\000i\000o\000n}{chapter.8}% 35
\BOOKMARK [1][-]{section.8.2}{\376\377\000S\000p\000l\000i\000t\000s}{chapter.8}% 36
\BOOKMARK [1][-]{section.8.3}{\376\377\000P\000l\000a\000n\000n\000e\000d\000\040\000T\000r\000a\000n\000s\000a\000c\000t\000i\000o\000n\000s}{chapter.8}% 37
\BOOKMARK [1][-]{section.8.4}{\376\377\000M\000a\000n\000u\000a\000l\000\040\000T\000r\000a\000n\000s\000f\000e\000r\000s}{chapter.8}% 38
\BOOKMARK [1][-]{section.8.5}{\376\377\000R\000e\000c\000u\000r\000r\000i\000n\000g\000\040\000T\000r\000a\000n\000s\000a\000c\000t\000i\000o\000n\000s}{chapter.8}% 39
\BOOKMARK [0][-]{chapter.9}{\376\377\000A\000c\000c\000o\000u\000n\000t\000\040\000S\000e\000t\000t\000i\000n\000g\000s\000\040\000f\000o\000r\000\040\000N\000o\000t\000i\000f\000i\000c\000a\000t\000i\000o\000n\000s\000\040\000I\000m\000p\000o\000r\000t}{}% 40
\BOOKMARK [1][-]{section.9.1}{\376\377\000I\000d\000e\000n\000t\000i\000t\000y\000\040\000C\000h\000o\000o\000s\000i\000n\000g}{chapter.9}% 41
\BOOKMARK [1][-]{section.9.2}{\376\377\000K\000e\000y\000\040\000P\000h\000r\000a\000s\000e\000\040\000C\000h\000o\000o\000s\000i\000n\000g\000\040\000f\000o\000r\000\040\000T\000r\000a\000n\000s\000f\000e\000r\000s}{chapter.9}% 42
\BOOKMARK [0][-]{chapter.10}{\376\377\000A\000d\000v\000a\000n\000c\000e\000d\000\040\000I\000m\000p\000o\000r\000t\000\040\000S\000M\000S\000\040\000a\000n\000d\000\040\000P\000u\000s\000h\000\040\000N\000o\000t\000i\000f\000i\000c\000a\000t\000i\000o\000n\000s\000\040\000S\000e\000t\000t\000i\000n\000g}{}% 43
\BOOKMARK [1][-]{section.10.1}{\376\377\000N\000o\000t\000i\000f\000i\000c\000a\000t\000i\000o\000n\000s\000\040\000D\000e\000t\000e\000c\000t\000i\000o\000n\000\040\000A\000l\000g\000o\000r\000i\000t\000h\000m}{chapter.10}% 44
\BOOKMARK [1][-]{section.10.2}{\376\377\000N\000e\000w\000\040\000C\000u\000s\000t\000o\000m\000\040\000I\000m\000p\000o\000r\000t\000\040\000T\000u\000n\000e}{chapter.10}% 45
\BOOKMARK [0][-]{chapter.11}{\376\377\000D\000a\000t\000a\000\040\000I\000m\000p\000o\000r\000t}{}% 46
\BOOKMARK [1][-]{section.11.1}{\376\377\000N\000o\000t\000i\000f\000i\000c\000a\000t\000i\000o\000n\000\040\000I\000m\000p\000o\000r\000t\000\040\000T\000u\000n\000e\000s}{chapter.11}% 47
\BOOKMARK [1][-]{section.11.2}{\376\377\000S\000M\000S\000\040\000a\000n\000d\000\040\000P\000u\000s\000h\000\040\000N\000o\000t\000i\000f\000i\000c\000a\000t\000i\000o\000n\000s}{chapter.11}% 48
\BOOKMARK [1][-]{section.11.3}{\376\377\000C\000S\000V\000\040\000f\000i\000l\000e\000s}{chapter.11}% 49
\BOOKMARK [1][-]{section.11.4}{\376\377\000O\000F\000X\000\040\000f\000i\000l\000e\000s}{chapter.11}% 50
\BOOKMARK [0][-]{chapter.12}{\376\377\000T\000e\000a\000m\000w\000o\000r\000k}{}% 51
\BOOKMARK [1][-]{section.12.1}{\376\377\000I\000n\000t\000r\000o\000d\000u\000c\000t\000i\000o\000n}{chapter.12}% 52
\BOOKMARK [1][-]{section.12.2}{\376\377\000G\000e\000t\000t\000i\000n\000g\000\040\000S\000t\000a\000r\000t\000e\000d}{chapter.12}% 53
\BOOKMARK [1][-]{section.12.3}{\376\377\000S\000e\000t\000t\000i\000n\000g\000\040\000T\000e\000a\000m\000w\000o\000r\000k\000\040\000O\000n}{chapter.12}% 54
\BOOKMARK [1][-]{section.12.4}{\376\377\000H\000o\000w\000\040\000S\000y\000n\000c\000h\000r\000o\000n\000i\000z\000a\000t\000i\000o\000n\000\040\000W\000o\000r\000k\000s}{chapter.12}% 55
\BOOKMARK [1][-]{section.12.5}{\376\377\000A\000d\000v\000a\000n\000c\000e\000d\000\040\000S\000e\000t\000t\000i\000n\000g\000s}{chapter.12}% 56
\BOOKMARK [1][-]{section.12.6}{\376\377\000D\000a\000t\000a\000\040\000T\000r\000a\000n\000s\000f\000e\000r\000\040\000S\000e\000t\000t\000i\000n\000g\000s}{chapter.12}% 57
\BOOKMARK [1][-]{section.12.7}{\376\377\000D\000e\000f\000a\000u\000l\000t\000\040\000V\000a\000l\000u\000e\000s}{chapter.12}% 58
\BOOKMARK [1][-]{section.12.8}{\376\377\000M\000o\000v\000i\000n\000g\000\040\000D\000a\000t\000a\000b\000a\000s\000e\000\040\000t\000o\000\040\000a\000\040\000N\000e\000w\000\040\000D\000e\000v\000i\000c\000e}{chapter.12}% 59
\BOOKMARK [0][-]{chapter.13}{\376\377\000R\000e\000p\000o\000r\000t\000s}{}% 60
\BOOKMARK [1][-]{section.13.1}{\376\377\000P\000a\000y\000m\000e\000n\000t\000\040\000S\000c\000h\000e\000d\000u\000l\000e}{chapter.13}% 61
\BOOKMARK [1][-]{section.13.2}{\376\377\000P\000l\000a\000n\000\040\000v\000s\000.\000\040\000A\000c\000t\000u\000a\000l}{chapter.13}% 62
\BOOKMARK [1][-]{section.13.3}{\376\377\000T\000u\000r\000n\000o\000v\000e\000r\000s}{chapter.13}% 63
\BOOKMARK [1][-]{section.13.4}{\376\377\000T\000o\000t\000a\000l\000s\000\040\000a\000n\000d\000\040\000T\000u\000r\000n\000o\000v\000e\000r\000s}{chapter.13}% 64
\BOOKMARK [1][-]{section.13.5}{\376\377\000P\000l\000a\000n\000n\000e\000d\000\040\000T\000o\000t\000a\000l\000s\000\040\000a\000n\000d\000\040\000T\000u\000r\000n\000o\000v\000e\000r\000s}{chapter.13}% 65
\BOOKMARK [1][-]{section.13.6}{\376\377\000D\000e\000b\000t\000s}{chapter.13}% 66
\BOOKMARK [1][-]{section.13.7}{\376\377\000P\000l\000a\000n\000\040\000I\000m\000p\000l\000e\000m\000e\000n\000t\000a\000t\000i\000o\000n}{chapter.13}% 67
\BOOKMARK [1][-]{section.13.8}{\376\377\000D\000i\000s\000t\000r\000i\000b\000u\000t\000i\000o\000n\000\040\000o\000f\000\040\000T\000u\000r\000n\000o\000v\000e\000r\000s}{chapter.13}% 68
\BOOKMARK [1][-]{section.13.9}{\376\377\000C\000h\000a\000n\000g\000e\000s\000\040\000i\000n\000\040\000T\000u\000r\000n\000o\000v\000e\000r\000s}{chapter.13}% 69
\BOOKMARK [1][-]{section.13.10}{\376\377\000C\000h\000a\000n\000g\000e\000s\000\040\000i\000n\000\040\000T\000o\000t\000a\000l\000s}{chapter.13}% 70
\BOOKMARK [0][-]{chapter.14}{\376\377\000R\000e\000m\000i\000n\000d\000e\000r\000s}{}% 71
\BOOKMARK [0][-]{chapter.15}{\376\377\000B\000u\000l\000k\000\040\000A\000c\000t\000i\000o\000n\000s}{}% 72
\BOOKMARK [1][-]{section.15.1}{\376\377\000O\000b\000j\000e\000c\000t\000s\000\040\000S\000e\000l\000e\000c\000t\000i\000o\000n}{chapter.15}% 73
\BOOKMARK [1][-]{section.15.2}{\376\377\000E\000d\000i\000t\000i\000n\000g}{chapter.15}% 74
\BOOKMARK [1][-]{section.15.3}{\376\377\000D\000e\000l\000e\000t\000i\000n\000g}{chapter.15}% 75
\BOOKMARK [1][-]{section.15.4}{\376\377\000F\000i\000l\000t\000e\000r\000s}{chapter.15}% 76
\BOOKMARK [1][-]{section.15.5}{\376\377\000R\000e\000p\000e\000t\000i\000t\000i\000v\000e\000\040\000S\000e\000n\000d\000i\000n\000g\000\040\000U\000n\000d\000e\000r\000\040\000T\000e\000a\000m\000w\000o\000r\000k}{chapter.15}% 77
\BOOKMARK [1][-]{section.15.6}{\376\377\000C\000S\000V\000\040\000a\000n\000d\000\040\000O\000F\000X\000\040\000E\000x\000p\000o\000r\000t}{chapter.15}% 78
\BOOKMARK [1][-]{section.15.7}{\376\377\000C\000o\000n\000n\000e\000c\000t\000i\000n\000g\000\040\000o\000f\000\040\000t\000r\000a\000n\000s\000a\000c\000t\000i\000o\000n\000s}{chapter.15}% 79
\BOOKMARK [1][-]{section.15.8}{\376\377\000S\000e\000n\000d\000i\000n\000g\000\040\000S\000o\000u\000r\000c\000e\000\040\000D\000a\000t\000a\000\040\000t\000o\000\040\000D\000e\000v\000e\000l\000o\000p\000e\000r}{chapter.15}% 80
\BOOKMARK [0][-]{chapter.16}{\376\377\000R\000e\000p\000o\000r\000t\000\040\000S\000e\000t\000t\000i\000n\000g\000s\000\040\000a\000n\000d\000\040\000S\000h\000o\000r\000t\000c\000u\000t\000s}{}% 81
\BOOKMARK [1][-]{section.16.1}{\376\377\000R\000e\000p\000o\000r\000t\000\040\000S\000e\000t\000t\000i\000n\000g\000s}{chapter.16}% 82
\BOOKMARK [1][-]{section.16.2}{\376\377\000C\000r\000e\000a\000t\000i\000n\000g\000\040\000S\000h\000o\000r\000t\000c\000u\000t\000s}{chapter.16}% 83
\BOOKMARK [0][-]{chapter.17}{\376\377\000W\000i\000d\000g\000e\000t\000s\000\040\000a\000n\000d\000\040\000T\000e\000m\000p\000l\000a\000t\000e\000s}{}% 84
\BOOKMARK [1][-]{section.17.1}{\376\377\000W\000i\000d\000g\000e\000t\000s}{chapter.17}% 85
\BOOKMARK [1][-]{section.17.2}{\376\377\000U\000s\000i\000n\000g\000\040\000W\000i\000d\000g\000e\000t\000s\000\040\000a\000s\000\040\000T\000r\000a\000n\000s\000a\000c\000t\000i\000o\000n\000\040\000T\000e\000m\000p\000l\000a\000t\000e\000s}{chapter.17}% 86
\BOOKMARK [1][-]{section.17.3}{\376\377\000U\000s\000i\000n\000g\000\040\000W\000i\000d\000g\000e\000t\000s\000\040\000a\000s\000\040\000R\000e\000p\000o\000r\000t\000s}{chapter.17}% 87
\BOOKMARK [1][-]{section.17.4}{\376\377\000W\000i\000d\000g\000e\000t\000s\000\040\000a\000s\000\040\000R\000e\000p\000o\000r\000t\000s\000\040\000E\000x\000a\000m\000p\000l\000e}{chapter.17}% 88
\BOOKMARK [1][-]{section.17.5}{\376\377\000W\000i\000d\000g\000e\000t\000s\000\040\000a\000s\000\040\000T\000e\000m\000p\000l\000a\000t\000e\000s\000\040\000E\000x\000a\000m\000p\000l\000e}{chapter.17}% 89
\BOOKMARK [0][-]{chapter.18}{\376\377\000R\000e\000m\000o\000t\000e\000\040\000a\000c\000c\000e\000s\000s}{}% 90
\BOOKMARK [0][-]{chapter.19}{\376\377\000I\000n\000t\000e\000g\000r\000a\000t\000i\000o\000n\000\040\000w\000i\000t\000h\000\040\000t\000h\000i\000r\000d\000\040\000p\000a\000r\000t\000y\000\040\000a\000p\000p\000l\000i\000c\000a\000t\000i\000o\000n\000s}{}% 91
\BOOKMARK [1][-]{section.19.1}{\376\377\000M\000a\000k\000i\000n\000g\000\040\000T\000r\000a\000n\000s\000a\000c\000t\000i\000o\000n\000s\000\040\000F\000r\000o\000m\000\040\000T\000e\000x\000t}{chapter.19}% 92
\BOOKMARK [1][-]{section.19.2}{\376\377\000R\000E\000S\000T\000\040\000A\000P\000I}{chapter.19}% 93
\BOOKMARK [1][-]{section.19.3}{\376\377\000I\000n\000t\000e\000n\000t\000s\000\040\000A\000P\000I}{chapter.19}% 94
\BOOKMARK [0][-]{chapter.20}{\376\377\000D\000i\000f\000f\000e\000r\000e\000n\000c\000e\000\040\000B\000e\000t\000w\000e\000e\000n\000\040\000V\000e\000r\000s\000i\000o\000n\000s}{}% 95
\BOOKMARK [0][-]{chapter.21}{\376\377\000M\000i\000g\000r\000a\000t\000i\000o\000n\000\040\000t\000o\000\040\000P\000r\000o\000\040\000V\000e\000r\000s\000i\000o\000n}{}% 96
\BOOKMARK [0][-]{chapter.22}{\376\377\000S\000e\000r\000v\000i\000c\000e}{}% 97
\BOOKMARK [0][-]{chapter.23}{\376\377\000R\000e\000a\000d\000y\000\040\000t\000o\000\040\000u\000s\000e\000\040\000F\000i\000n\000a\000n\000c\000i\000a\000l\000\040\000I\000n\000s\000t\000i\000t\000u\000t\000e\000s}{}% 98
\BOOKMARK [1][-]{section.23.1}{\376\377\000B\000e\000l\000a\000r\000u\000s}{chapter.23}% 99
\BOOKMARK [1][-]{section.23.2}{\376\377\000B\000r\000a\000z\000i\000l}{chapter.23}% 100
\BOOKMARK [1][-]{section.23.3}{\376\377\000C\000a\000n\000a\000d\000a}{chapter.23}% 101
\BOOKMARK [1][-]{section.23.4}{\376\377\000H\000u\000n\000g\000a\000r\000y}{chapter.23}% 102
\BOOKMARK [1][-]{section.23.5}{\376\377\000I\000n\000d\000i\000a}{chapter.23}% 103
\BOOKMARK [1][-]{section.23.6}{\376\377\000I\000n\000d\000o\000n\000e\000s\000i\000a}{chapter.23}% 104
\BOOKMARK [1][-]{section.23.7}{\376\377\000M\000a\000l\000d\000i\000v\000e\000s}{chapter.23}% 105
\BOOKMARK [1][-]{section.23.8}{\376\377\000P\000o\000l\000a\000n\000d}{chapter.23}% 106
\BOOKMARK [1][-]{section.23.9}{\376\377\000R\000u\000s\000s\000i\000a}{chapter.23}% 107
\BOOKMARK [1][-]{section.23.10}{\376\377\000T\000h\000a\000i\000l\000a\000n\000d}{chapter.23}% 108
\BOOKMARK [1][-]{section.23.11}{\376\377\000U\000k\000r\000a\000i\000n\000e}{chapter.23}% 109
\BOOKMARK [1][-]{section.23.12}{\376\377\000U\000n\000i\000t\000e\000d\000\040\000A\000r\000a\000b\000\040\000E\000m\000i\000r\000a\000t\000e\000s}{chapter.23}% 110
\BOOKMARK [1][-]{section.23.13}{\376\377\000U\000n\000i\000t\000e\000d\000\040\000S\000t\000a\000t\000e\000s}{chapter.23}% 111
\BOOKMARK [1][-]{section.23.14}{\376\377\000U\000z\000b\000e\000k\000i\000s\000t\000a\000n}{chapter.23}% 112
\BOOKMARK [1][-]{section.23.15}{\376\377\000V\000i\000e\000t\000n\000a\000m}{chapter.23}% 113
\BOOKMARK [0][-]{chapter.24}{\376\377\000T\000e\000r\000m\000s\000\040\000a\000n\000d\000\040\000d\000e\000f\000i\000n\000i\000t\000i\000o\000n\000s}{}% 114
\BOOKMARK [0][-]{chapter.25}{\376\377\000I\000n\000d\000i\000c\000e\000s\000\040\000a\000n\000d\000\040\000t\000a\000b\000l\000e\000s}{}% 115
\BOOKMARK [0][-]{section*.7}{\376\377\000I\000n\000d\000e\000x}{}% 116
